<?xml version="1.0" encoding="UTF-8"?>
<!-- Generated by org.testng.reporters.JUnitReportReporter -->
<testsuite hostname="ATMECSBLRLT-153" failures="0" tests="1" name="params.PathParams" time="1.836" errors="0" timestamp="2023-05-03T15:22:04 IST" skipped="0">
  <testcase classname="params.PathParams" name="pathPramTest" time="1.836"/>
  <system-out/>
</testsuite> <!-- params.PathParams -->
