<?xml version="1.0" encoding="UTF-8"?>
<!-- Generated by org.testng.reporters.JUnitReportReporter -->
<testsuite hostname="ATMECSBLRLT-153" failures="0" tests="1" name="params.MultiPart" time="3.601" errors="0" timestamp="2023-05-03T17:06:25 IST" skipped="0">
  <testcase classname="params.MultiPart" name="fileUploadTest" time="3.601"/>
  <system-out/>
</testsuite> <!-- params.MultiPart -->
