<?xml version="1.0" encoding="UTF-8"?>
<!-- Generated by org.testng.reporters.JUnitReportReporter -->
<testsuite hostname="ATMECSBLRLT-153" failures="0" tests="1" name="params.FormParams" time="1.918" errors="0" timestamp="2023-05-03T13:50:17 IST" skipped="0">
  <testcase classname="params.FormParams" name="formPAramTest" time="1.918"/>
  <system-out/>
</testsuite> <!-- params.FormParams -->
