<?xml version="1.0" encoding="UTF-8"?>
<!-- Generated by org.testng.reporters.JUnitReportReporter -->
<testsuite hostname="ATMECSBLRLT-153" failures="0" tests="1" name="BasicAuthTest" time="2.911" errors="0" timestamp="2023-05-02T12:16:20 IST" skipped="0">
  <testcase classname="BasicAuthTest" name="testBasicAuthentication" time="2.911"/>
  <system-out/>
</testsuite> <!-- BasicAuthTest -->
