<?xml version="1.0" encoding="UTF-8"?>
<!-- Generated by org.testng.reporters.JUnitReportReporter -->
<testsuite hostname="ATMECSBLRLT-153" failures="0" tests="1" name="auth.OAuthTest" time="2.476" errors="0" timestamp="2023-05-02T18:41:51 IST" skipped="0">
  <testcase classname="auth.OAuthTest" name="OAuthTest" time="2.476"/>
  <system-out/>
</testsuite> <!-- auth.OAuthTest -->
