<?xml version="1.0" encoding="UTF-8"?>
<!-- Generated by org.testng.reporters.JUnitReportReporter -->
<testsuite hostname="ATMECSBLRLT-153" failures="0" tests="1" name="params.QueryParams" time="1.649" errors="0" timestamp="2023-05-03T11:40:52 IST" skipped="0">
  <testcase classname="params.QueryParams" name="performMultipleQueryparametrs" time="1.649"/>
  <system-out/>
</testsuite> <!-- params.QueryParams -->
