<?xml version="1.0" encoding="UTF-8"?>
<!-- Generated by org.testng.reporters.JUnitReportReporter -->
<testsuite hostname="ATMECSBLRLT-153" failures="0" tests="1" name="auth.DigestAuthTest" time="3.565" errors="0" timestamp="2023-05-02T17:59:46 IST" skipped="0">
  <testcase classname="auth.DigestAuthTest" name="testDigestAuthentication" time="3.565"/>
  <system-out/>
</testsuite> <!-- auth.DigestAuthTest -->
